2024-02-12 11:45:20 info: Server started
2024-02-12 11:46:52 info: Server started
2024-02-12 11:48:01 info: Server started
2024-02-12 11:49:36 info: Server started
2024-02-12 11:51:19 info: Server started
2024-02-12 11:51:53 info: Server started
2024-02-12 11:52:08 info: Server started
2024-02-12 11:57:43 info: Server started
2024-02-12 12:00:51 info: Server started
2024-02-12 12:00:53 info: Server started
2024-02-12 12:06:01 info: Received GET request for /text/user/1
2024-02-12 12:06:01 info: Request completed successfully with status 200 in 5 ms
2024-02-12 12:06:01 info: Received GET request for /favicon.ico
2024-02-12 12:06:01 error: Request failed with status 404 in 3 ms
2024-02-12 12:58:13 info: Received GET request for /text/user/1
2024-02-12 12:58:13 error: Request failed with status 404 in 5 ms
2024-02-12 12:59:08 info: Received GET request for /text/user/1
2024-02-12 12:59:08 error: Request failed with status 404 in 8 ms
2024-02-12 12:59:29 info: Received GET request for /text/user/1
2024-02-12 12:59:29 error: Request failed with status 404 in 9 ms
2024-02-12 12:59:51 info: Received GET request for /text/user/1
2024-02-12 12:59:51 error: Request failed with status 404 in 5 ms
2024-02-12 13:00:04 info: Received GET request for /text/user/1
2024-02-12 13:00:51 info: Received GET request for /text/user/1
2024-02-12 13:00:51 info: Request completed successfully with status 200 in 30 ms
2024-02-12 13:01:33 info: Received GET request for /text/user/1
2024-02-12 13:01:33 info: Request completed successfully with status 200 in 66 ms
2024-02-12 13:01:37 info: Received GET request for /text/user/11
2024-02-12 13:01:37 error: Request failed with status 404 in 2 ms
2024-02-12 13:01:40 info: Received GET request for /text/user/10
2024-02-12 13:01:40 info: Request completed successfully with status 200 in 4 ms
2024-02-12 15:34:28 info: Received POST request for /text/user/1
2024-02-12 15:34:28 error: Request failed with status 500 in 10 ms
2024-02-12 15:35:04 info: Received POST request for /text/user/1
2024-02-12 15:35:04 info: Request completed successfully with status 200 in 14 ms
2024-02-12 15:35:21 info: Received POST request for /text/user/1
2024-02-12 15:35:21 error: Request failed with status 500 in 10 ms
2024-02-12 15:36:48 info: Received POST request for /text/user/1
2024-02-12 15:36:48 info: Request completed successfully with status 200 in 9 ms
2024-02-12 15:37:21 info: Received POST request for /text/user/1
2024-02-12 15:37:21 info: Request completed successfully with status 200 in 2 ms
2024-02-12 15:37:46 info: Received POST request for /text/user/1
2024-02-12 15:37:46 info: Request completed successfully with status 200 in 11 ms
2024-02-12 15:37:58 info: Received POST request for /text/user/1
2024-02-12 15:37:58 info: Request completed successfully with status 200 in 6 ms
2024-02-12 15:39:11 info: Received POST request for /text/user/1
2024-02-12 15:39:11 info: Request completed successfully with status 200 in 7 ms
2024-02-12 15:40:16 info: Received POST request for /text/user/1
2024-02-12 15:40:16 info: Request completed successfully with status 200 in 9 ms
2024-02-12 15:40:30 info: Received GET request for /text/user/1
2024-02-12 15:40:30 info: Request completed successfully with status 200 in 12 ms
2024-02-12 15:40:43 info: Received POST request for /text/user/1
2024-02-12 15:40:43 info: Request completed successfully with status 200 in 0 ms
2024-02-12 15:41:07 info: Received POST request for /text/user/1
2024-02-12 15:41:07 info: Request completed successfully with status 200 in 1 ms
2024-02-12 15:42:14 info: Received POST request for /text/user/1
2024-02-12 15:42:14 info: Request completed successfully with status 200 in 1 ms
2024-02-12 15:43:54 info: Received POST request for /text/user/1
2024-02-12 15:43:54 info: Request completed successfully with status 200 in 6 ms
2024-02-12 15:46:15 info: Received POST request for /text/user/1
2024-02-12 15:46:15 info: Request completed successfully with status 200 in 1 ms
2024-02-12 15:46:45 info: Received POST request for /text/user/1
2024-02-12 15:46:45 error: Request failed with status 500 in 7 ms
2024-02-12 15:47:08 info: Received POST request for /text/user/1
2024-02-12 15:47:08 info: Request completed successfully with status 200 in 12 ms
2024-02-12 15:49:40 info: Received POST request for /text/user/1
2024-02-12 15:49:40 error: Request failed with status 500 in 9 ms
2024-02-12 15:52:44 info: Received POST request for /text/user/1
2024-02-12 15:52:44 info: Request completed successfully with status 200 in 8 ms
2024-02-12 16:31:51 info: Received POST request for /text/user/11
2024-02-12 16:31:51 error: Request failed with status 404 in 6 ms
2024-02-12 16:32:09 info: Received POST request for /text/user/1
2024-02-12 16:32:09 info: Request completed successfully with status 200 in 4 ms
2024-02-12 16:32:25 info: Received POST request for /text/user/10
2024-02-12 16:32:25 info: Request completed successfully with status 200 in 1 ms
2024-02-12 16:33:16 info: Received POST request for /text/user/10
2024-02-12 16:33:16 info: Request completed successfully with status 200 in 1 ms
2024-02-12 16:33:26 info: Received GET request for /text/user/10
2024-02-12 16:33:26 info: Request completed successfully with status 200 in 7 ms
2024-02-12 16:33:38 info: Received POST request for /text/user/10
2024-02-12 16:33:38 info: Request completed successfully with status 200 in 1 ms
2024-02-12 16:33:43 info: Received GET request for /text/user/10
2024-02-12 16:33:43 info: Request completed successfully with status 200 in 6 ms
2024-02-12 16:43:03 info: Received GET request for /text/user/10
2024-02-12 16:43:03 info: Request completed successfully with status 200 in 15 ms
2024-02-12 17:38:42 info: Received GET request for /text/user/10
2024-02-12 17:39:19 info: Received GET request for /text/user/10
2024-02-12 17:39:25 info: Received GET request for /text/user/10
2024-02-12 17:39:25 info: Request completed successfully with status 200 in 34 ms
2024-02-12 17:39:31 info: Received GET request for /text/user/11
2024-02-12 17:40:18 info: Received GET request for /text/user/11
2024-02-12 17:43:37 info: Received GET request for /text/user/11
2024-02-12 17:43:37 error: Request failed with status 400 in 19 ms
2024-02-12 17:44:04 info: Received GET request for /text/user/11
2024-02-12 17:44:04 error: Request failed with status 400 in 17 ms
2024-02-12 17:44:11 info: Received GET request for /text/user/11
2024-02-12 17:44:11 error: Request failed with status 400 in 4 ms
2024-02-12 17:44:24 info: Received GET request for /text/user/11
2024-02-12 17:44:24 error: Request failed with status 400 in 15 ms
2024-02-12 17:45:21 info: Received GET request for /text/user/11
2024-02-12 17:45:21 error: Request failed with status 400 in 27 ms
2024-02-12 17:46:01 info: Received GET request for /text/user/11
2024-02-12 17:46:01 error: Request failed with status 400 in 33 ms
2024-02-12 17:46:25 info: Received GET request for /text/user/11
2024-02-12 17:46:25 error: Request failed with status 400 in 26 ms
2024-02-12 17:48:48 info: Received GET request for /text/user/11
2024-02-12 17:48:48 error: Request failed with status 400 in 20 ms
2024-02-12 17:49:41 info: Received GET request for /text/user/11
2024-02-12 17:49:41 error: Request failed with status 400 in 18 ms
2024-02-12 17:49:58 info: Received GET request for /text/user/11
2024-02-12 17:49:58 error: Request failed with status 400 in 21 ms
2024-02-12 17:50:08 info: Received GET request for /text/user/11
2024-02-12 17:50:31 info: Received GET request for /text/user/11
2024-02-12 17:50:31 error: Request failed with status 400 in 23 ms
2024-02-12 17:51:10 info: Received GET request for /text/user/11
2024-02-12 17:51:10 error: Request failed with status 400 in 21 ms
2024-02-12 17:51:21 info: Received GET request for /text/user/11
2024-02-12 17:51:21 error: Request failed with status 400 in 22 ms
2024-02-12 17:51:38 info: Received GET request for /text/user/11
2024-02-12 17:51:38 error: Request failed with status 400 in 25 ms
2024-02-12 17:51:59 info: Received GET request for /text/user/11
2024-02-12 17:51:59 error: Request failed with status 400 in 36 ms
2024-02-12 17:52:40 info: Received GET request for /text/user/11
2024-02-12 17:52:40 error: Request failed with status 400 in 3 ms
2024-02-12 17:52:45 info: Received GET request for /text/user/11
2024-02-12 17:52:45 error: Request failed with status 400 in 1 ms
2024-02-12 17:52:54 info: Received GET request for /text/user/11
2024-02-12 17:52:54 error: Request failed with status 400 in 4 ms
2024-02-12 17:53:02 info: Received GET request for /text/user/11
2024-02-12 17:53:02 error: Request failed with status 400 in 1 ms
2024-02-12 17:53:21 info: Received GET request for /text/user/11
2024-02-12 17:53:21 error: Request failed with status 400 in 26 ms
2024-02-12 17:53:26 info: Received GET request for /text/user/11
2024-02-12 17:53:26 error: Request failed with status 400 in 5 ms
2024-02-12 17:53:41 info: Received GET request for /text/user/11
2024-02-12 17:53:41 error: Request failed with status 400 in 9 ms
2024-02-12 17:53:44 info: Received GET request for /text/user/11
2024-02-12 17:53:44 error: Request failed with status 400 in 1 ms
2024-02-12 17:53:54 info: Received GET request for /text/user/11
2024-02-12 17:54:02 info: Received GET request for /text/user/11
2024-02-12 17:54:02 error: Request failed with status 400 in 7 ms
2024-02-12 17:54:07 info: Received GET request for /text/user/11
2024-02-12 17:54:07 error: Request failed with status 400 in 7 ms
2024-02-12 17:54:15 info: Received GET request for /text/user/11
2024-02-12 17:54:15 error: Request failed with status 400 in 13 ms
2024-02-12 17:54:39 info: Received GET request for /text/user/11
2024-02-12 17:54:39 error: Request failed with status 400 in 7 ms
2024-02-12 17:54:49 info: Received GET request for /text/user/11
2024-02-12 17:54:49 error: Request failed with status 400 in 9 ms
2024-02-12 17:54:59 info: Received GET request for /text/user/11
2024-02-12 17:54:59 error: Request failed with status 400 in 8 ms
2024-02-12 18:08:59 info: Received PATCH request for /text/user/10
2024-02-12 18:08:59 error: Request failed with status 400 in 5 ms
2024-02-12 18:09:29 info: Received PATCH request for /text/user/10
2024-02-12 18:09:29 error: Request failed with status 400 in 9 ms
2024-02-12 18:09:59 info: Received PATCH request for /text/user/10
2024-02-12 18:09:59 error: Request failed with status 400 in 7 ms
2024-02-12 18:10:44 info: Received PATCH request for /text/user/10
2024-02-12 18:10:44 error: Request failed with status 400 in 8 ms
2024-02-12 18:11:21 info: Received PATCH request for /text/user/10
2024-02-12 18:11:21 error: Request failed with status 400 in 6 ms
2024-02-12 18:11:37 info: Received PATCH request for /text/user/1
2024-02-12 18:11:37 error: Request failed with status 400 in 2 ms
2024-02-12 18:11:55 info: Received PATCH request for /text/user/1
2024-02-12 18:11:55 error: Request failed with status 400 in 11 ms
2024-02-12 18:12:08 info: Received PATCH request for /text/user/1
2024-02-12 18:12:08 error: Request failed with status 400 in 6 ms
2024-02-12 18:12:44 info: Received PATCH request for /text/user/1
2024-02-12 18:12:44 error: Request failed with status 400 in 10 ms
2024-02-12 18:15:31 info: Received PATCH request for /text/user/10
2024-02-12 18:15:31 error: Request failed with status 400 in 25 ms
2024-02-12 18:15:54 info: Received PATCH request for /text/user/10
2024-02-12 18:15:54 error: Request failed with status 400 in 19 ms
2024-02-12 18:16:24 info: Received PATCH request for /text/user/10
2024-02-12 18:16:24 error: Request failed with status 400 in 33 ms
2024-02-12 18:19:29 info: Received PATCH request for /text/user/10
2024-02-12 18:19:29 error: Request failed with status 400 in 27 ms
2024-02-12 18:19:52 info: Received PATCH request for /text/user/10
2024-02-12 18:19:52 error: Request failed with status 400 in 23 ms
2024-02-12 18:20:58 info: Received PATCH request for /text/user/10
2024-02-12 18:20:58 error: Request failed with status 400 in 46 ms
2024-02-12 18:21:42 info: Received PATCH request for /text/user/10
2024-02-12 18:21:42 info: Request completed successfully with status 200 in 24 ms
2024-02-12 18:22:09 info: Received PATCH request for /text/user/10
2024-02-12 18:22:09 info: Request completed successfully with status 200 in 40 ms
2024-02-12 18:23:14 info: Received PATCH request for /text/user/10
2024-02-12 18:23:14 info: Request completed successfully with status 200 in 38 ms
2024-02-12 18:24:24 info: Received PATCH request for /text/user/10
2024-02-12 18:24:24 info: Request completed successfully with status 200 in 32 ms
2024-02-12 18:24:38 info: Received PATCH request for /text/user/10
2024-02-12 18:24:38 error: Request failed with status 400 in 22 ms
2024-02-12 18:25:18 info: Received PATCH request for /text/user/10
2024-02-12 18:25:18 error: Request failed with status 400 in 29 ms
2024-02-12 18:25:34 info: Received PATCH request for /text/user/10
2024-02-12 18:25:34 error: Request failed with status 400 in 37 ms
2024-02-12 18:25:49 info: Received PATCH request for /text/user/1
2024-02-12 18:25:49 error: Request failed with status 400 in 48 ms
2024-02-12 18:26:56 info: Received PATCH request for /text/user/1
2024-02-12 18:26:57 error: Request failed with status 400 in 27 ms
2024-02-12 18:28:02 info: Received PATCH request for /text/user/1
2024-02-12 18:28:02 info: Request completed successfully with status 200 in 23 ms
2024-02-12 18:28:30 info: Received PATCH request for /text/user/1
2024-02-12 18:28:30 info: Request completed successfully with status 200 in 48 ms
2024-02-12 18:32:11 info: Received PATCH request for /text/user/1
2024-02-12 18:32:11 info: Request completed successfully with status 200 in 26 ms
2024-02-12 18:32:31 info: Received PATCH request for /text/user/1
2024-02-12 18:32:31 info: Request completed successfully with status 200 in 24 ms
2024-02-12 18:32:46 info: Received PATCH request for /text/user/1
2024-02-12 18:32:46 info: Request completed successfully with status 200 in 32 ms
2024-02-12 18:33:46 info: Received PATCH request for /text/user/1
2024-02-12 18:33:46 info: Request completed successfully with status 200 in 20 ms
2024-02-13 10:58:53 info: Received PATCH request for /text/user/1
2024-02-13 10:58:54 info: Request completed successfully with status 200 in 45 ms
2024-02-13 11:01:28 info: Received PATCH request for /text/user/1
2024-02-13 11:01:28 info: Request completed successfully with status 200 in 35 ms
2024-02-13 11:02:12 info: Received PATCH request for /text/user/1
2024-02-13 11:02:12 info: Request completed successfully with status 200 in 35 ms
2024-02-13 11:04:59 info: Received PATCH request for /text/user/1
2024-02-13 11:04:59 info: Request completed successfully with status 200 in 26 ms
2024-02-13 11:05:27 info: Received PATCH request for /text/user/1
2024-02-13 11:05:27 info: Request completed successfully with status 200 in 27 ms
2024-02-13 11:05:50 info: Received PATCH request for /text/user/1
2024-02-13 11:05:51 info: Request completed successfully with status 200 in 29 ms
2024-02-13 11:07:26 info: Received PATCH request for /text/user/1
2024-02-13 11:07:26 info: Request completed successfully with status 200 in 29 ms
2024-02-13 11:08:00 info: Received PATCH request for /text/user/1
2024-02-13 11:08:00 info: Request completed successfully with status 200 in 28 ms
2024-02-13 11:08:18 info: Received PATCH request for /text/user/1
2024-02-13 11:08:18 error: Request failed with status 400 in 38 ms
2024-02-13 11:08:31 info: Received PATCH request for /text/user/1
2024-02-13 11:08:31 error: Request failed with status 400 in 39 ms
2024-02-13 11:11:55 info: Received POST request for /text/user/1
2024-02-13 11:11:55 info: Request completed successfully with status 200 in 6 ms
2024-02-13 11:12:06 info: Received GET request for /text/user/1
2024-02-13 11:12:06 info: Request completed successfully with status 200 in 11 ms
2024-02-13 11:19:21 info: Received PATCH request for /text/user/1
2024-02-13 11:19:21 error: Request failed with status 400 in 39 ms
2024-02-13 11:19:38 info: Received PATCH request for /text/user/1
2024-02-13 11:19:38 info: Request completed successfully with status 200 in 35 ms
2024-02-13 11:30:19 info: Received PATCH request for /text/user/1
2024-02-13 11:30:19 info: Request completed successfully with status 200 in 46 ms
2024-02-13 11:30:24 info: Received PATCH request for /text/user/1
2024-02-13 11:30:24 info: Request completed successfully with status 200 in 11 ms
2024-02-13 11:30:38 info: Received PATCH request for /text/user/1
2024-02-13 11:30:38 info: Request completed successfully with status 200 in 13 ms
2024-02-13 11:30:49 info: Received PATCH request for /text/user/11
2024-02-13 11:30:49 error: Request failed with status 400 in 1 ms
2024-02-13 12:20:52 info: Received POST request for /images/user/11
2024-02-13 12:20:52 error: Request failed with status 404 in 4 ms
2024-02-13 12:21:17 info: Received POST request for /images/user/11
2024-02-13 12:21:17 error: Request failed with status 404 in 9 ms
2024-02-13 12:21:29 info: Received POST request for /images/user/11
2024-02-13 12:21:29 error: Request failed with status 404 in 5 ms
2024-02-13 12:22:13 info: Received POST request for /images/user/11
2024-02-13 12:22:13 error: Request failed with status 404 in 6 ms
2024-02-13 12:23:19 info: Received POST request for /images/user/11
2024-02-13 12:23:19 error: Request failed with status 400 in 5 ms
2024-02-13 12:23:26 info: Received POST request for /images/user/1
2024-02-13 12:23:26 error: Request failed with status 400 in 6 ms
2024-02-13 12:23:51 info: Received POST request for /images/user/1
2024-02-13 12:23:51 error: Request failed with status 400 in 9 ms
2024-02-13 12:24:17 info: Received POST request for /images/user/1
2024-02-13 12:24:41 info: Received POST request for /images/user/1
2024-02-13 12:24:51 info: Received POST request for /images/user/1
2024-02-13 12:25:03 info: Received POST request for /images/user/1
2024-02-13 12:27:04 info: Received POST request for /images/user/1
2024-02-13 12:29:08 info: Received POST request for /images/user/1
2024-02-13 12:30:35 info: Received POST request for /images/user/1
2024-02-13 12:30:35 error: Request failed with status 400 in 14 ms
2024-02-13 12:31:11 info: Received POST request for /images/user/1
2024-02-13 12:31:11 error: Request failed with status 400 in 6 ms
2024-02-13 12:32:10 info: Received POST request for /images/user/1
2024-02-13 12:32:10 error: Request failed with status 400 in 14 ms
2024-02-13 12:33:30 info: Received POST request for /images/user/1
2024-02-13 12:33:44 info: Received POST request for /images/user/1
2024-02-13 12:34:19 info: Received POST request for /images/user/1
2024-02-13 12:34:46 info: Received POST request for /images/user/1
2024-02-13 12:35:08 info: Received POST request for /images/user/1
2024-02-13 12:35:22 info: Received POST request for /images/user/1
2024-02-13 12:35:48 info: Received POST request for /images/user/1
2024-02-13 12:35:48 info: Request completed successfully with status 200 in 14 ms
2024-02-13 12:39:08 info: Received POST request for /images/user/1
2024-02-13 12:39:18 info: Received POST request for /images/user/1
2024-02-13 12:40:41 info: Received POST request for /images/user/1
2024-02-13 12:41:37 info: Received POST request for /images/user/1
2024-02-13 12:41:52 info: Received POST request for /images/user/1
2024-02-13 12:42:31 info: Received POST request for /images/user/1
2024-02-13 12:42:31 error: Request failed with status 500 in 29 ms
2024-02-13 12:43:53 info: Received POST request for /images/user/1
2024-02-13 12:44:22 info: Received POST request for /images/user/1
2024-02-13 12:44:22 info: Request completed successfully with status 200 in 36 ms
2024-02-13 15:07:50 info: Received GET request for /images/user/1
2024-02-13 15:07:50 error: Request failed with status 400 in 12 ms
2024-02-13 15:08:14 info: Received GET request for /images/user/1
2024-02-13 15:08:14 info: Request completed successfully with status 200 in 23 ms
2024-02-13 15:09:30 info: Received GET request for /images/user/1
2024-02-13 15:09:30 info: Request completed successfully with status 200 in 20 ms
2024-02-13 15:51:00 info: Received GET request for /images/1
2024-02-13 15:51:00 error: Request failed with status 404 in 4 ms
2024-02-13 15:51:03 info: Received POST request for /images/1
2024-02-13 15:51:03 error: Request failed with status 400 in 5 ms
2024-02-13 15:51:20 info: Received POST request for /images/1
2024-02-13 15:51:20 error: Request failed with status 400 in 6 ms
2024-02-13 15:52:20 info: Received POST request for /images/1
2024-02-13 15:52:20 error: Request failed with status 400 in 7 ms
2024-02-13 15:52:29 info: Received POST request for /images/1
2024-02-13 15:52:29 error: Request failed with status 400 in 31 ms
2024-02-13 15:53:19 info: Received POST request for /images/1
2024-02-13 15:53:19 error: Request failed with status 400 in 34 ms
2024-02-13 15:53:56 info: Received POST request for /images/1
2024-02-13 15:53:56 error: Request failed with status 400 in 33 ms
2024-02-13 15:54:24 info: Received POST request for /images/1
2024-02-13 15:54:24 error: Request failed with status 404 in 28 ms
2024-02-13 15:55:17 info: Received POST request for /images/1
2024-02-13 15:55:17 info: Request completed successfully with status 200 in 35 ms
2024-02-13 15:55:29 info: Received POST request for /images/1
2024-02-13 15:55:29 error: Request failed with status 400 in 8 ms
2024-02-13 15:55:35 info: Received POST request for /images/11
2024-02-13 15:55:35 error: Request failed with status 400 in 1 ms
2024-02-13 15:55:40 info: Received POST request for /images/2
2024-02-13 15:55:40 error: Request failed with status 400 in 7 ms
2024-02-13 15:55:43 info: Received POST request for /images/1
2024-02-13 15:55:43 info: Request completed successfully with status 200 in 8 ms
2024-02-13 15:57:45 info: Received POST request for /images/1
2024-02-13 15:57:45 error: Request failed with status 404 in 2 ms
2024-02-13 15:57:50 info: Received GET request for /images/1
2024-02-13 15:57:50 info: Request completed successfully with status 200 in 22 ms
2024-02-13 15:57:51 info: Received GET request for /images/1
2024-02-13 15:57:51 info: Request completed successfully with status 200 in 6 ms
2024-02-13 15:57:52 info: Received GET request for /images/1
2024-02-13 15:57:52 info: Request completed successfully with status 200 in 8 ms
2024-02-13 15:57:55 info: Received GET request for /images/1
2024-02-13 15:57:55 error: Request failed with status 400 in 12 ms
2024-02-13 15:58:00 info: Received GET request for /images/1
2024-02-13 15:58:00 info: Request completed successfully with status 200 in 8 ms
2024-02-13 15:58:14 info: Received GET request for /images/1
2024-02-13 15:58:14 error: Request failed with status 404 in 6 ms
2024-02-13 15:58:22 info: Received GET request for /images/1
2024-02-13 15:58:22 info: Request completed successfully with status 200 in 5 ms
2024-02-13 17:11:58 info: Received DELETE request for /images/1
2024-02-13 17:11:58 error: Request failed with status 400 in 22 ms
2024-02-13 17:12:23 info: Received DELETE request for /images/1
2024-02-13 17:12:23 error: Request failed with status 400 in 42 ms
2024-02-13 17:12:41 info: Received DELETE request for /images/1
2024-02-13 17:12:41 error: Request failed with status 400 in 26 ms
2024-02-13 17:12:59 info: Received POST request for /images/user/1
2024-02-13 17:12:59 info: Request completed successfully with status 200 in 5 ms
2024-02-13 17:13:03 info: Received GET request for /images/user/1
2024-02-13 17:13:03 info: Request completed successfully with status 200 in 6 ms
2024-02-13 17:13:13 info: Received GET request for /images/user/1
2024-02-13 17:13:13 info: Request completed successfully with status 200 in 4 ms
2024-02-13 17:13:32 info: Received GET request for /images/user/1
2024-02-13 17:13:32 info: Request completed successfully with status 200 in 3 ms
2024-02-13 17:13:41 info: Received POST request for /images/user/1
2024-02-13 17:13:41 info: Request completed successfully with status 200 in 17 ms
2024-02-13 17:13:45 info: Received GET request for /images/user/1
2024-02-13 17:13:45 info: Request completed successfully with status 200 in 6 ms
2024-02-13 17:13:57 info: Received DELETE request for /images/1
2024-02-13 17:13:57 error: Request failed with status 400 in 4 ms
2024-02-13 17:14:23 info: Received DELETE request for /images/1
2024-02-13 17:14:23 error: Request failed with status 400 in 4 ms
2024-02-13 17:14:50 info: Received DELETE request for /images/1
2024-02-13 17:14:50 error: Request failed with status 400 in 17 ms
2024-02-13 17:15:15 info: Received DELETE request for /images/1
2024-02-13 17:15:15 error: Request failed with status 400 in 5 ms
2024-02-13 17:15:41 info: Received DELETE request for /images/1
2024-02-13 17:15:41 error: Request failed with status 400 in 27 ms
2024-02-13 17:16:34 info: Received DELETE request for /images/1
2024-02-13 17:16:34 error: Request failed with status 400 in 4 ms
2024-02-13 17:16:44 info: Received POST request for /images/user/1
2024-02-13 17:16:44 info: Request completed successfully with status 200 in 5 ms
2024-02-13 17:16:53 info: Received DELETE request for /images/1
2024-02-13 17:16:53 error: Request failed with status 400 in 5 ms
2024-02-13 17:17:16 info: Received POST request for /user/images/1
2024-02-13 17:17:16 error: Request failed with status 404 in 1 ms
2024-02-13 17:17:27 info: Received POST request for /images/user/1
2024-02-13 17:17:27 info: Request completed successfully with status 200 in 17 ms
2024-02-13 17:17:52 info: Received DELETE request for /images/1
2024-02-13 17:17:52 error: Request failed with status 400 in 6 ms
2024-02-13 17:18:34 info: Received POST request for /images/user/1
2024-02-13 17:18:34 info: Request completed successfully with status 200 in 30 ms
2024-02-13 17:18:54 info: Received DELETE request for /images/1
2024-02-13 17:18:54 error: Request failed with status 400 in 10 ms
2024-02-13 17:19:03 info: Received DELETE request for /images/1
2024-02-13 17:19:03 error: Request failed with status 400 in 17 ms
2024-02-13 17:20:35 info: Received POST request for /images/user/1
2024-02-13 17:20:35 info: Request completed successfully with status 200 in 37 ms
2024-02-13 17:20:41 info: Received DELETE request for /images/1
2024-02-13 17:20:41 error: Request failed with status 400 in 11 ms
2024-02-13 17:21:03 info: Received DELETE request for /images/1
2024-02-13 17:21:03 info: Request completed successfully with status 200 in 12 ms
2024-02-13 17:54:09 info: Received DELETE request for /images/1
2024-02-13 17:54:09 error: Request failed with status 400 in 26 ms
